# JRE version: OpenJDK Runtime Environment (11.0.10) (build 11.0.10+0-b96-7249189)
# Java VM: OpenJDK 64-Bit Server VM (11.0.10+0-b96-7249189, mixed mode, tiered, compressed oops, g1 gc, windows-amd64)
Heap:
 garbage-first heap   total 567296K, used 457038K [0x0000000080000000, 0x0000000100000000)
  region size 1024K, 291 young (297984K), 16 survivors (16384K)
 Metaspace       used 105864K, capacity 108865K, committed 109056K, reserved 1142784K
  class space    used 13847K, capacity 15030K, committed 15104K, reserved 1048576K
GC Heap History (20 events):
Event: 56.052 GC heap before
{Heap before GC invocations=43 (full 0):
 garbage-first heap   total 253952K, used 169876K [0x0000000080000000, 0x0000000100000000)
  region size 1024K, 43 young (44032K), 2 survivors (2048K)
 Metaspace       used 98372K, capacity 100844K, committed 101248K, reserved 1136640K
  class space    used 12814K, capacity 13802K, committed 13952K, reserved 1048576K
}
Event: 56.062 GC heap after
{Heap after GC invocations=44 (full 0):
 garbage-first heap   total 253952K, used 135559K [0x0000000080000000, 0x0000000100000000)
  region size 1024K, 6 young (6144K), 6 survivors (6144K)
 Metaspace       used 98372K, capacity 100844K, committed 101248K, reserved 1136640K
  class space    used 12814K, capacity 13802K, committed 13952K, reserved 1048576K
}
Event: 56.263 GC heap before
{Heap before GC invocations=45 (full 0):
 garbage-first heap   total 253952K, used 177543K [0x0000000080000000, 0x0000000100000000)
  region size 1024K, 47 young (48128K), 6 survivors (6144K)
 Metaspace       used 101567K, capacity 104360K, committed 104448K, reserved 1138688K
  class space    used 13448K, capacity 14541K, committed 14592K, reserved 1048576K
}
Event: 56.274 GC heap after
{Heap after GC invocations=46 (full 0):
 garbage-first heap   total 253952K, used 141601K [0x0000000080000000, 0x0000000100000000)
  region size 1024K, 6 young (6144K), 6 survivors (6144K)
 Metaspace       used 101567K, capacity 104360K, committed 104448K, reserved 1138688K
  class space    used 13448K, capacity 14541K, committed 14592K, reserved 1048576K
}
Event: 56.529 GC heap before
{Heap before GC invocations=46 (full 0):
 garbage-first heap   total 253952K, used 182561K [0x0000000080000000, 0x0000000100000000)
  region size 1024K, 47 young (48128K), 6 survivors (6144K)
 Metaspace       used 102566K, capacity 105344K, committed 105600K, reserved 1140736K
  class space    used 13589K, capacity 14689K, committed 14720K, reserved 1048576K
}
Event: 56.538 GC heap after
{Heap after GC invocations=47 (full 0):
 garbage-first heap   total 253952K, used 143890K [0x0000000080000000, 0x0000000100000000)
  region size 1024K, 3 young (3072K), 3 survivors (3072K)
 Metaspace       used 102566K, capacity 105344K, committed 105600K, reserved 1140736K
  class space    used 13589K, capacity 14689K, committed 14720K, reserved 1048576K
}
Event: 56.852 GC heap before
{Heap before GC invocations=48 (full 0):
 garbage-first heap   total 253952K, used 187922K [0x0000000080000000, 0x0000000100000000)
  region size 1024K, 46 young (47104K), 3 survivors (3072K)
 Metaspace       used 102975K, capacity 105775K, committed 105984K, reserved 1140736K
  class space    used 13617K, capacity 14692K, committed 14848K, reserved 1048576K
}
Event: 56.861 GC heap after
{Heap after GC invocations=49 (full 0):
 garbage-first heap   total 472064K, used 143170K [0x0000000080000000, 0x0000000100000000)
  region size 1024K, 2 young (2048K), 2 survivors (2048K)
 Metaspace       used 102975K, capacity 105775K, committed 105984K, reserved 1140736K
  class space    used 13617K, capacity 14692K, committed 14848K, reserved 1048576K
}
Event: 57.053 GC heap before
{Heap before GC invocations=49 (full 0):
 garbage-first heap   total 472064K, used 163650K [0x0000000080000000, 0x0000000100000000)
  region size 1024K, 23 young (23552K), 2 survivors (2048K)
 Metaspace       used 103530K, capacity 106346K, committed 106496K, reserved 1140736K
  class space    used 13679K, capacity 14796K, committed 14848K, reserved 1048576K
}
Event: 57.058 GC heap after
{Heap after GC invocations=50 (full 0):
 garbage-first heap   total 472064K, used 143909K [0x0000000080000000, 0x0000000100000000)
  region size 1024K, 3 young (3072K), 3 survivors (3072K)
 Metaspace       used 103530K, capacity 106346K, committed 106496K, reserved 1140736K
  class space    used 13679K, capacity 14796K, committed 14848K, reserved 1048576K
}
Event: 57.968 GC heap before
{Heap before GC invocations=50 (full 0):
 garbage-first heap   total 472064K, used 272933K [0x0000000080000000, 0x0000000100000000)
  region size 1024K, 130 young (133120K), 3 survivors (3072K)
 Metaspace       used 104531K, capacity 107453K, committed 107648K, reserved 1142784K
  class space    used 13810K, capacity 14949K, committed 14976K, reserved 1048576K
}
Event: 57.976 GC heap after
{Heap after GC invocations=51 (full 0):
 garbage-first heap   total 472064K, used 145900K [0x0000000080000000, 0x0000000100000000)
  region size 1024K, 5 young (5120K), 5 survivors (5120K)
 Metaspace       used 104531K, capacity 107453K, committed 107648K, reserved 1142784K
  class space    used 13810K, capacity 14949K, committed 14976K, reserved 1048576K
}
Event: 58.907 GC heap before
{Heap before GC invocations=51 (full 0):
 garbage-first heap   total 472064K, used 342508K [0x0000000080000000, 0x0000000100000000)
  region size 1024K, 198 young (202752K), 5 survivors (5120K)
 Metaspace       used 104861K, capacity 107882K, committed 108032K, reserved 1142784K
  class space    used 13832K, capacity 15005K, committed 15104K, reserved 1048576K
}
Event: 58.926 GC heap after
{Heap after GC invocations=52 (full 0):
 garbage-first heap   total 472064K, used 155521K [0x0000000080000000, 0x0000000100000000)
  region size 1024K, 14 young (14336K), 14 survivors (14336K)
 Metaspace       used 104861K, capacity 107882K, committed 108032K, reserved 1142784K
  class space    used 13832K, capacity 15005K, committed 15104K, reserved 1048576K
}
Event: 59.633 GC heap before
{Heap before GC invocations=52 (full 0):
 garbage-first heap   total 472064K, used 352129K [0x0000000080000000, 0x0000000100000000)
  region size 1024K, 206 young (210944K), 14 survivors (14336K)
 Metaspace       used 105011K, capacity 108095K, committed 108288K, reserved 1142784K
  class space    used 13835K, capacity 15010K, committed 15104K, reserved 1048576K
}
Event: 59.662 GC heap after
{Heap after GC invocations=53 (full 0):
 garbage-first heap   total 472064K, used 168475K [0x0000000080000000, 0x0000000100000000)
  region size 1024K, 26 young (26624K), 26 survivors (26624K)
 Metaspace       used 105011K, capacity 108095K, committed 108288K, reserved 1142784K
  class space    used 13835K, capacity 15010K, committed 15104K, reserved 1048576K
}
Event: 60.391 GC heap before
{Heap before GC invocations=53 (full 0):
 garbage-first heap   total 472064K, used 357915K [0x0000000080000000, 0x0000000100000000)
  region size 1024K, 211 young (216064K), 26 survivors (26624K)
 Metaspace       used 105599K, capacity 108606K, committed 108800K, reserved 1142784K
  class space    used 13837K, capacity 15015K, committed 15104K, reserved 1048576K
}
Event: 60.409 GC heap after
{Heap after GC invocations=54 (full 0):
 garbage-first heap   total 472064K, used 171860K [0x0000000080000000, 0x0000000100000000)
  region size 1024K, 9 young (9216K), 9 survivors (9216K)
 Metaspace       used 105599K, capacity 108606K, committed 108800K, reserved 1142784K
  class space    used 13837K, capacity 15015K, committed 15104K, reserved 1048576K
}
Event: 60.729 GC heap before
{Heap before GC invocations=54 (full 0):
 garbage-first heap   total 472064K, used 367444K [0x0000000080000000, 0x0000000100000000)
  region size 1024K, 200 young (204800K), 9 survivors (9216K)
 Metaspace       used 105735K, capacity 108761K, committed 109056K, reserved 1142784K
  class space    used 13841K, capacity 15021K, committed 15104K, reserved 1048576K
}
Event: 60.749 GC heap after
{Heap after GC invocations=55 (full 0):
 garbage-first heap   total 567296K, used 173682K [0x0000000080000000, 0x0000000100000000)
  region size 1024K, 11 young (11264K), 11 survivors (11264K)
 Metaspace       used 105735K, capacity 108761K, committed 109056K, reserved 1142784K
  class space    used 13841K, capacity 15021K, committed 15104K, reserved 1048576K
}

