# JRE version: OpenJDK Runtime Environment (11.0.10) (build 11.0.10+0-b96-7249189)
# Java VM: OpenJDK 64-Bit Server VM (11.0.10+0-b96-7249189, mixed mode, tiered, compressed oops, g1 gc, windows-amd64)
Heap:
 garbage-first heap   total 470016K, used 173056K [0x0000000080000000, 0x0000000100000000)
  region size 1024K, 3 young (3072K), 3 survivors (3072K)
 Metaspace       used 115324K, capacity 118566K, committed 118732K, reserved 1153024K
  class space    used 14849K, capacity 16016K, committed 16128K, reserved 1048576K
GC Heap History (20 events):
Event: 93.148 GC heap after
{Heap after GC invocations=64 (full 0):
 garbage-first heap   total 189440K, used 141061K [0x0000000080000000, 0x0000000100000000)
  region size 1024K, 4 young (4096K), 4 survivors (4096K)
 Metaspace       used 113053K, capacity 116248K, committed 116300K, reserved 1150976K
  class space    used 14564K, capacity 15717K, committed 15744K, reserved 1048576K
}
Event: 93.210 GC heap before
{Heap before GC invocations=64 (full 0):
 garbage-first heap   total 189440K, used 158469K [0x0000000080000000, 0x0000000100000000)
  region size 1024K, 22 young (22528K), 4 survivors (4096K)
 Metaspace       used 113276K, capacity 116501K, committed 116684K, reserved 1150976K
  class space    used 14602K, capacity 15760K, committed 15872K, reserved 1048576K
}
Event: 93.214 GC heap after
{Heap after GC invocations=65 (full 0):
 garbage-first heap   total 189440K, used 146007K [0x0000000080000000, 0x0000000100000000)
  region size 1024K, 3 young (3072K), 3 survivors (3072K)
 Metaspace       used 113276K, capacity 116501K, committed 116684K, reserved 1150976K
  class space    used 14602K, capacity 15760K, committed 15872K, reserved 1048576K
}
Event: 93.252 GC heap before
{Heap before GC invocations=65 (full 0):
 garbage-first heap   total 189440K, used 159319K [0x0000000080000000, 0x0000000100000000)
  region size 1024K, 17 young (17408K), 3 survivors (3072K)
 Metaspace       used 113558K, capacity 116737K, committed 116940K, reserved 1150976K
  class space    used 14643K, capacity 15796K, committed 15872K, reserved 1048576K
}
Event: 93.255 GC heap after
{Heap after GC invocations=66 (full 0):
 garbage-first heap   total 189440K, used 149504K [0x0000000080000000, 0x0000000100000000)
  region size 1024K, 3 young (3072K), 3 survivors (3072K)
 Metaspace       used 113558K, capacity 116737K, committed 116940K, reserved 1150976K
  class space    used 14643K, capacity 15796K, committed 15872K, reserved 1048576K
}
Event: 93.310 GC heap before
{Heap before GC invocations=66 (full 0):
 garbage-first heap   total 189440K, used 160768K [0x0000000080000000, 0x0000000100000000)
  region size 1024K, 15 young (15360K), 3 survivors (3072K)
 Metaspace       used 113804K, capacity 117041K, committed 117196K, reserved 1150976K
  class space    used 14672K, capacity 15834K, committed 15872K, reserved 1048576K
}
Event: 93.314 GC heap after
{Heap after GC invocations=67 (full 0):
 garbage-first heap   total 189440K, used 152137K [0x0000000080000000, 0x0000000100000000)
  region size 1024K, 2 young (2048K), 2 survivors (2048K)
 Metaspace       used 113804K, capacity 117041K, committed 117196K, reserved 1150976K
  class space    used 14672K, capacity 15834K, committed 15872K, reserved 1048576K
}
Event: 93.382 GC heap before
{Heap before GC invocations=67 (full 0):
 garbage-first heap   total 189440K, used 161353K [0x0000000080000000, 0x0000000100000000)
  region size 1024K, 12 young (12288K), 2 survivors (2048K)
 Metaspace       used 113920K, capacity 117122K, committed 117196K, reserved 1150976K
  class space    used 14690K, capacity 15839K, committed 15872K, reserved 1048576K
}
Event: 93.386 GC heap after
{Heap after GC invocations=68 (full 0):
 garbage-first heap   total 189440K, used 155122K [0x0000000080000000, 0x0000000100000000)
  region size 1024K, 2 young (2048K), 2 survivors (2048K)
 Metaspace       used 113920K, capacity 117122K, committed 117196K, reserved 1150976K
  class space    used 14690K, capacity 15839K, committed 15872K, reserved 1048576K
}
Event: 93.441 GC heap before
{Heap before GC invocations=68 (full 0):
 garbage-first heap   total 189440K, used 163314K [0x0000000080000000, 0x0000000100000000)
  region size 1024K, 10 young (10240K), 2 survivors (2048K)
 Metaspace       used 113970K, capacity 117186K, committed 117452K, reserved 1150976K
  class space    used 14690K, capacity 15839K, committed 15872K, reserved 1048576K
}
Event: 93.448 GC heap after
{Heap after GC invocations=69 (full 0):
 garbage-first heap   total 189440K, used 156630K [0x0000000080000000, 0x0000000100000000)
  region size 1024K, 2 young (2048K), 2 survivors (2048K)
 Metaspace       used 113970K, capacity 117186K, committed 117452K, reserved 1150976K
  class space    used 14690K, capacity 15839K, committed 15872K, reserved 1048576K
}
Event: 93.507 GC heap before
{Heap before GC invocations=70 (full 0):
 garbage-first heap   total 189440K, used 163798K [0x0000000080000000, 0x0000000100000000)
  region size 1024K, 9 young (9216K), 2 survivors (2048K)
 Metaspace       used 114057K, capacity 117295K, committed 117580K, reserved 1150976K
  class space    used 14698K, capacity 15874K, committed 16000K, reserved 1048576K
}
Event: 93.515 GC heap after
{Heap after GC invocations=71 (full 0):
 garbage-first heap   total 227328K, used 157778K [0x0000000080000000, 0x0000000100000000)
  region size 1024K, 2 young (2048K), 2 survivors (2048K)
 Metaspace       used 114057K, capacity 117295K, committed 117580K, reserved 1150976K
  class space    used 14698K, capacity 15874K, committed 16000K, reserved 1048576K
}
Event: 93.552 GC heap before
{Heap before GC invocations=71 (full 0):
 garbage-first heap   total 227328K, used 166994K [0x0000000080000000, 0x0000000100000000)
  region size 1024K, 11 young (11264K), 2 survivors (2048K)
 Metaspace       used 114327K, capacity 117530K, committed 117836K, reserved 1150976K
  class space    used 14728K, capacity 15886K, committed 16000K, reserved 1048576K
}
Event: 93.560 GC heap after
{Heap after GC invocations=72 (full 0):
 garbage-first heap   total 227328K, used 159693K [0x0000000080000000, 0x0000000100000000)
  region size 1024K, 2 young (2048K), 2 survivors (2048K)
 Metaspace       used 114327K, capacity 117530K, committed 117836K, reserved 1150976K
  class space    used 14728K, capacity 15886K, committed 16000K, reserved 1048576K
}
Event: 93.682 GC heap before
{Heap before GC invocations=72 (full 0):
 garbage-first heap   total 227328K, used 184269K [0x0000000080000000, 0x0000000100000000)
  region size 1024K, 26 young (26624K), 2 survivors (2048K)
 Metaspace       used 114741K, capacity 117986K, committed 118092K, reserved 1150976K
  class space    used 14774K, capacity 15952K, committed 16000K, reserved 1048576K
}
Event: 93.698 GC heap after
{Heap after GC invocations=73 (full 0):
 garbage-first heap   total 227328K, used 164385K [0x0000000080000000, 0x0000000100000000)
  region size 1024K, 4 young (4096K), 4 survivors (4096K)
 Metaspace       used 114741K, capacity 117986K, committed 118092K, reserved 1150976K
  class space    used 14774K, capacity 15952K, committed 16000K, reserved 1048576K
}
Event: 93.823 GC heap before
{Heap before GC invocations=73 (full 0):
 garbage-first heap   total 227328K, used 185889K [0x0000000080000000, 0x0000000100000000)
  region size 1024K, 26 young (26624K), 4 survivors (4096K)
 Metaspace       used 115198K, capacity 118406K, committed 118604K, reserved 1153024K
  class space    used 14824K, capacity 15984K, committed 16000K, reserved 1048576K
}
Event: 93.839 GC heap after
{Heap after GC invocations=74 (full 0):
 garbage-first heap   total 227328K, used 168960K [0x0000000080000000, 0x0000000100000000)
  region size 1024K, 4 young (4096K), 4 survivors (4096K)
 Metaspace       used 115198K, capacity 118406K, committed 118604K, reserved 1153024K
  class space    used 14824K, capacity 15984K, committed 16000K, reserved 1048576K
}
Event: 93.985 GC heap before
{Heap before GC invocations=74 (full 0):
 garbage-first heap   total 227328K, used 189440K [0x0000000080000000, 0x0000000100000000)
  region size 1024K, 24 young (24576K), 4 survivors (4096K)
 Metaspace       used 115324K, capacity 118566K, committed 118732K, reserved 1153024K
  class space    used 14849K, capacity 16016K, committed 16128K, reserved 1048576K
}

