# JRE version: OpenJDK Runtime Environment (11.0.10) (build 11.0.10+0-b96-7249189)
# Java VM: OpenJDK 64-Bit Server VM (11.0.10+0-b96-7249189, mixed mode, tiered, compressed oops, g1 gc, windows-amd64)
Heap:
 garbage-first heap   total 468992K, used 161781K [0x0000000080000000, 0x0000000100000000)
  region size 1024K, 11 young (11264K), 11 survivors (11264K)
 Metaspace       used 101453K, capacity 104058K, committed 104396K, reserved 1138688K
  class space    used 13198K, capacity 14197K, committed 14284K, reserved 1048576K
GC Heap History (20 events):
Event: 15.944 GC heap after
{Heap after GC invocations=31 (full 0):
 garbage-first heap   total 353280K, used 142806K [0x0000000080000000, 0x0000000100000000)
  region size 1024K, 3 young (3072K), 3 survivors (3072K)
 Metaspace       used 98259K, capacity 100719K, committed 101068K, reserved 1136640K
  class space    used 12974K, capacity 13916K, committed 14028K, reserved 1048576K
}
Event: 16.440 GC heap before
{Heap before GC invocations=32 (full 0):
 garbage-first heap   total 353280K, used 243158K [0x0000000080000000, 0x0000000100000000)
  region size 1024K, 101 young (103424K), 3 survivors (3072K)
 Metaspace       used 98653K, capacity 101046K, committed 101580K, reserved 1136640K
  class space    used 12935K, capacity 13856K, committed 14028K, reserved 1048576K
}
Event: 16.447 GC heap after
{Heap after GC invocations=33 (full 0):
 garbage-first heap   total 353280K, used 143329K [0x0000000080000000, 0x0000000100000000)
  region size 1024K, 3 young (3072K), 3 survivors (3072K)
 Metaspace       used 98653K, capacity 101046K, committed 101580K, reserved 1136640K
  class space    used 12935K, capacity 13856K, committed 14028K, reserved 1048576K
}
Event: 16.728 GC heap before
{Heap before GC invocations=33 (full 0):
 garbage-first heap   total 353280K, used 277473K [0x0000000080000000, 0x0000000100000000)
  region size 1024K, 134 young (137216K), 3 survivors (3072K)
 Metaspace       used 98997K, capacity 101398K, committed 101836K, reserved 1136640K
  class space    used 12968K, capacity 13908K, committed 14028K, reserved 1048576K
}
Event: 16.736 GC heap after
{Heap after GC invocations=34 (full 0):
 garbage-first heap   total 353280K, used 145191K [0x0000000080000000, 0x0000000100000000)
  region size 1024K, 5 young (5120K), 5 survivors (5120K)
 Metaspace       used 98997K, capacity 101398K, committed 101836K, reserved 1136640K
  class space    used 12968K, capacity 13908K, committed 14028K, reserved 1048576K
}
Event: 17.040 GC heap before
{Heap before GC invocations=34 (full 0):
 garbage-first heap   total 353280K, used 280359K [0x0000000080000000, 0x0000000100000000)
  region size 1024K, 138 young (141312K), 5 survivors (5120K)
 Metaspace       used 100162K, capacity 102703K, committed 102732K, reserved 1138688K
  class space    used 13156K, capacity 14134K, committed 14156K, reserved 1048576K
}
Event: 17.047 GC heap after
{Heap after GC invocations=35 (full 0):
 garbage-first heap   total 353280K, used 147025K [0x0000000080000000, 0x0000000100000000)
  region size 1024K, 7 young (7168K), 7 survivors (7168K)
 Metaspace       used 100162K, capacity 102703K, committed 102732K, reserved 1138688K
  class space    used 13156K, capacity 14134K, committed 14156K, reserved 1048576K
}
Event: 17.380 GC heap before
{Heap before GC invocations=35 (full 0):
 garbage-first heap   total 353280K, used 286289K [0x0000000080000000, 0x0000000100000000)
  region size 1024K, 143 young (146432K), 7 survivors (7168K)
 Metaspace       used 100440K, capacity 103024K, committed 103372K, reserved 1138688K
  class space    used 13178K, capacity 14175K, committed 14284K, reserved 1048576K
}
Event: 17.398 GC heap after
{Heap after GC invocations=36 (full 0):
 garbage-first heap   total 353280K, used 153538K [0x0000000080000000, 0x0000000100000000)
  region size 1024K, 13 young (13312K), 13 survivors (13312K)
 Metaspace       used 100440K, capacity 103024K, committed 103372K, reserved 1138688K
  class space    used 13178K, capacity 14175K, committed 14284K, reserved 1048576K
}
Event: 17.891 GC heap before
{Heap before GC invocations=36 (full 0):
 garbage-first heap   total 353280K, used 291778K [0x0000000080000000, 0x0000000100000000)
  region size 1024K, 148 young (151552K), 13 survivors (13312K)
 Metaspace       used 100764K, capacity 103302K, committed 103628K, reserved 1138688K
  class space    used 13185K, capacity 14179K, committed 14284K, reserved 1048576K
}
Event: 17.918 GC heap after
{Heap after GC invocations=37 (full 0):
 garbage-first heap   total 353280K, used 156289K [0x0000000080000000, 0x0000000100000000)
  region size 1024K, 13 young (13312K), 13 survivors (13312K)
 Metaspace       used 100764K, capacity 103302K, committed 103628K, reserved 1138688K
  class space    used 13185K, capacity 14179K, committed 14284K, reserved 1048576K
}
Event: 18.337 GC heap before
{Heap before GC invocations=37 (full 0):
 garbage-first heap   total 353280K, used 293505K [0x0000000080000000, 0x0000000100000000)
  region size 1024K, 147 young (150528K), 13 survivors (13312K)
 Metaspace       used 100960K, capacity 103521K, committed 103628K, reserved 1138688K
  class space    used 13191K, capacity 14185K, committed 14284K, reserved 1048576K
}
Event: 18.356 GC heap after
{Heap after GC invocations=38 (full 0):
 garbage-first heap   total 353280K, used 157114K [0x0000000080000000, 0x0000000100000000)
  region size 1024K, 11 young (11264K), 11 survivors (11264K)
 Metaspace       used 100960K, capacity 103521K, committed 103628K, reserved 1138688K
  class space    used 13191K, capacity 14185K, committed 14284K, reserved 1048576K
}
Event: 18.847 GC heap before
{Heap before GC invocations=38 (full 0):
 garbage-first heap   total 353280K, used 296378K [0x0000000080000000, 0x0000000100000000)
  region size 1024K, 147 young (150528K), 11 survivors (11264K)
 Metaspace       used 101330K, capacity 103919K, committed 104140K, reserved 1138688K
  class space    used 13197K, capacity 14196K, committed 14284K, reserved 1048576K
}
Event: 18.856 GC heap after
{Heap after GC invocations=39 (full 0):
 garbage-first heap   total 353280K, used 158308K [0x0000000080000000, 0x0000000100000000)
  region size 1024K, 8 young (8192K), 8 survivors (8192K)
 Metaspace       used 101330K, capacity 103919K, committed 104140K, reserved 1138688K
  class space    used 13197K, capacity 14196K, committed 14284K, reserved 1048576K
}
Event: 19.021 GC heap before
{Heap before GC invocations=39 (full 0):
 garbage-first heap   total 353280K, used 297572K [0x0000000080000000, 0x0000000100000000)
  region size 1024K, 144 young (147456K), 8 survivors (8192K)
 Metaspace       used 101412K, capacity 103992K, committed 104140K, reserved 1138688K
  class space    used 13198K, capacity 14197K, committed 14284K, reserved 1048576K
}
Event: 19.028 GC heap after
{Heap after GC invocations=40 (full 0):
 garbage-first heap   total 353280K, used 159013K [0x0000000080000000, 0x0000000100000000)
  region size 1024K, 9 young (9216K), 9 survivors (9216K)
 Metaspace       used 101412K, capacity 103992K, committed 104140K, reserved 1138688K
  class space    used 13198K, capacity 14197K, committed 14284K, reserved 1048576K
}
Event: 19.204 GC heap before
{Heap before GC invocations=40 (full 0):
 garbage-first heap   total 353280K, used 300325K [0x0000000080000000, 0x0000000100000000)
  region size 1024K, 147 young (150528K), 9 survivors (9216K)
 Metaspace       used 101446K, capacity 104058K, committed 104396K, reserved 1138688K
  class space    used 13198K, capacity 14197K, committed 14284K, reserved 1048576K
}
Event: 19.214 GC heap after
{Heap after GC invocations=41 (full 0):
 garbage-first heap   total 353280K, used 160817K [0x0000000080000000, 0x0000000100000000)
  region size 1024K, 10 young (10240K), 10 survivors (10240K)
 Metaspace       used 101446K, capacity 104058K, committed 104396K, reserved 1138688K
  class space    used 13198K, capacity 14197K, committed 14284K, reserved 1048576K
}
Event: 19.381 GC heap before
{Heap before GC invocations=41 (full 0):
 garbage-first heap   total 353280K, used 303153K [0x0000000080000000, 0x0000000100000000)
  region size 1024K, 149 young (152576K), 10 survivors (10240K)
 Metaspace       used 101453K, capacity 104058K, committed 104396K, reserved 1138688K
  class space    used 13198K, capacity 14197K, committed 14284K, reserved 1048576K
}

