# JRE version: OpenJDK Runtime Environment (11.0.10) (build 11.0.10+0-b96-7249189)
# Java VM: OpenJDK 64-Bit Server VM (11.0.10+0-b96-7249189, mixed mode, tiered, compressed oops, g1 gc, windows-amd64)
Heap:
 garbage-first heap   total 387072K, used 256710K [0x0000000080000000, 0x0000000100000000)
  region size 1024K, 100 young (102400K), 11 survivors (11264K)
 Metaspace       used 99655K, capacity 102086K, committed 102476K, reserved 1138688K
  class space    used 13000K, capacity 13956K, committed 14156K, reserved 1048576K
GC Heap History (20 events):
Event: 11.197 GC heap before
{Heap before GC invocations=27 (full 0):
 garbage-first heap   total 279552K, used 151314K [0x0000000080000000, 0x0000000100000000)
  region size 1024K, 13 young (13312K), 7 survivors (7168K)
 Metaspace       used 94109K, capacity 96471K, committed 97100K, reserved 1132544K
  class space    used 12266K, capacity 13200K, committed 13388K, reserved 1048576K
}
Event: 11.215 GC heap after
{Heap after GC invocations=28 (full 0):
 garbage-first heap   total 279552K, used 146108K [0x0000000080000000, 0x0000000100000000)
  region size 1024K, 2 young (2048K), 2 survivors (2048K)
 Metaspace       used 94109K, capacity 96471K, committed 97100K, reserved 1132544K
  class space    used 12266K, capacity 13200K, committed 13388K, reserved 1048576K
}
Event: 11.415 GC heap before
{Heap before GC invocations=28 (full 0):
 garbage-first heap   total 279552K, used 207548K [0x0000000080000000, 0x0000000100000000)
  region size 1024K, 62 young (63488K), 2 survivors (2048K)
 Metaspace       used 95990K, capacity 98560K, committed 98636K, reserved 1134592K
  class space    used 12652K, capacity 13632K, committed 13644K, reserved 1048576K
}
Event: 11.434 GC heap after
{Heap after GC invocations=29 (full 0):
 garbage-first heap   total 279552K, used 156454K [0x0000000080000000, 0x0000000100000000)
  region size 1024K, 8 young (8192K), 8 survivors (8192K)
 Metaspace       used 95990K, capacity 98560K, committed 98636K, reserved 1134592K
  class space    used 12652K, capacity 13632K, committed 13644K, reserved 1048576K
}
Event: 12.109 GC heap before
{Heap before GC invocations=30 (full 0):
 garbage-first heap   total 279552K, used 214822K [0x0000000080000000, 0x0000000100000000)
  region size 1024K, 65 young (66560K), 8 survivors (8192K)
 Metaspace       used 97994K, capacity 100445K, committed 101068K, reserved 1136640K
  class space    used 12885K, capacity 13827K, committed 14028K, reserved 1048576K
}
Event: 12.135 GC heap after
{Heap after GC invocations=31 (full 0):
 garbage-first heap   total 279552K, used 161557K [0x0000000080000000, 0x0000000100000000)
  region size 1024K, 5 young (5120K), 5 survivors (5120K)
 Metaspace       used 97994K, capacity 100445K, committed 101068K, reserved 1136640K
  class space    used 12885K, capacity 13827K, committed 14028K, reserved 1048576K
}
Event: 12.192 GC heap before
{Heap before GC invocations=31 (full 0):
 garbage-first heap   total 279552K, used 169749K [0x0000000080000000, 0x0000000100000000)
  region size 1024K, 13 young (13312K), 5 survivors (5120K)
 Metaspace       used 98113K, capacity 100547K, committed 101068K, reserved 1136640K
  class space    used 12899K, capacity 13860K, committed 14028K, reserved 1048576K
}
Event: 12.212 GC heap after
{Heap after GC invocations=32 (full 0):
 garbage-first heap   total 387072K, used 156777K [0x0000000080000000, 0x0000000100000000)
  region size 1024K, 1 young (1024K), 1 survivors (1024K)
 Metaspace       used 98113K, capacity 100547K, committed 101068K, reserved 1136640K
  class space    used 12899K, capacity 13860K, committed 14028K, reserved 1048576K
}
Event: 12.676 GC heap before
{Heap before GC invocations=32 (full 0):
 garbage-first heap   total 387072K, used 250985K [0x0000000080000000, 0x0000000100000000)
  region size 1024K, 93 young (95232K), 1 survivors (1024K)
 Metaspace       used 98550K, capacity 100994K, committed 101452K, reserved 1136640K
  class space    used 12951K, capacity 13899K, committed 14156K, reserved 1048576K
}
Event: 12.681 GC heap after
{Heap after GC invocations=33 (full 0):
 garbage-first heap   total 387072K, used 158545K [0x0000000080000000, 0x0000000100000000)
  region size 1024K, 3 young (3072K), 3 survivors (3072K)
 Metaspace       used 98550K, capacity 100994K, committed 101452K, reserved 1136640K
  class space    used 12951K, capacity 13899K, committed 14156K, reserved 1048576K
}
Event: 12.946 GC heap before
{Heap before GC invocations=33 (full 0):
 garbage-first heap   total 387072K, used 265041K [0x0000000080000000, 0x0000000100000000)
  region size 1024K, 107 young (109568K), 3 survivors (3072K)
 Metaspace       used 98772K, capacity 101216K, committed 101708K, reserved 1136640K
  class space    used 12964K, capacity 13908K, committed 14156K, reserved 1048576K
}
Event: 12.949 GC heap after
{Heap after GC invocations=34 (full 0):
 garbage-first heap   total 387072K, used 159178K [0x0000000080000000, 0x0000000100000000)
  region size 1024K, 4 young (4096K), 4 survivors (4096K)
 Metaspace       used 98772K, capacity 101216K, committed 101708K, reserved 1136640K
  class space    used 12964K, capacity 13908K, committed 14156K, reserved 1048576K
}
Event: 13.237 GC heap before
{Heap before GC invocations=34 (full 0):
 garbage-first heap   total 387072K, used 278986K [0x0000000080000000, 0x0000000100000000)
  region size 1024K, 121 young (123904K), 4 survivors (4096K)
 Metaspace       used 98797K, capacity 101256K, committed 101708K, reserved 1136640K
  class space    used 12971K, capacity 13943K, committed 14156K, reserved 1048576K
}
Event: 13.242 GC heap after
{Heap after GC invocations=35 (full 0):
 garbage-first heap   total 387072K, used 160479K [0x0000000080000000, 0x0000000100000000)
  region size 1024K, 5 young (5120K), 5 survivors (5120K)
 Metaspace       used 98797K, capacity 101256K, committed 101708K, reserved 1136640K
  class space    used 12971K, capacity 13943K, committed 14156K, reserved 1048576K
}
Event: 13.564 GC heap before
{Heap before GC invocations=35 (full 0):
 garbage-first heap   total 387072K, used 300767K [0x0000000080000000, 0x0000000100000000)
  region size 1024K, 143 young (146432K), 5 survivors (5120K)
 Metaspace       used 98861K, capacity 101343K, committed 101708K, reserved 1136640K
  class space    used 12979K, capacity 13951K, committed 14156K, reserved 1048576K
}
Event: 13.570 GC heap after
{Heap after GC invocations=36 (full 0):
 garbage-first heap   total 387072K, used 162369K [0x0000000080000000, 0x0000000100000000)
  region size 1024K, 7 young (7168K), 7 survivors (7168K)
 Metaspace       used 98861K, capacity 101343K, committed 101708K, reserved 1136640K
  class space    used 12979K, capacity 13951K, committed 14156K, reserved 1048576K
}
Event: 14.093 GC heap before
{Heap before GC invocations=36 (full 0):
 garbage-first heap   total 387072K, used 306753K [0x0000000080000000, 0x0000000100000000)
  region size 1024K, 148 young (151552K), 7 survivors (7168K)
 Metaspace       used 99052K, capacity 101490K, committed 101964K, reserved 1136640K
  class space    used 12993K, capacity 13956K, committed 14156K, reserved 1048576K
}
Event: 14.158 GC heap after
{Heap after GC invocations=37 (full 0):
 garbage-first heap   total 387072K, used 164018K [0x0000000080000000, 0x0000000100000000)
  region size 1024K, 8 young (8192K), 8 survivors (8192K)
 Metaspace       used 99052K, capacity 101490K, committed 101964K, reserved 1136640K
  class space    used 12993K, capacity 13956K, committed 14156K, reserved 1048576K
}
Event: 16.536 GC heap before
{Heap before GC invocations=37 (full 0):
 garbage-first heap   total 387072K, used 315570K [0x0000000080000000, 0x0000000100000000)
  region size 1024K, 156 young (159744K), 8 survivors (8192K)
 Metaspace       used 99534K, capacity 101950K, committed 102476K, reserved 1138688K
  class space    used 12999K, capacity 13956K, committed 14156K, reserved 1048576K
}
Event: 16.604 GC heap after
{Heap after GC invocations=38 (full 0):
 garbage-first heap   total 387072K, used 166598K [0x0000000080000000, 0x0000000100000000)
  region size 1024K, 11 young (11264K), 11 survivors (11264K)
 Metaspace       used 99534K, capacity 101950K, committed 102476K, reserved 1138688K
  class space    used 12999K, capacity 13956K, committed 14156K, reserved 1048576K
}

