# JRE version: OpenJDK Runtime Environment (11.0.10) (build 11.0.10+0-b96-7249189)
# Java VM: OpenJDK 64-Bit Server VM (11.0.10+0-b96-7249189, mixed mode, tiered, compressed oops, g1 gc, windows-amd64)
Heap:
 garbage-first heap   total 417792K, used 162956K [0x0000000080000000, 0x0000000100000000)
  region size 1024K, 9 young (9216K), 9 survivors (9216K)
 Metaspace       used 100183K, capacity 102956K, committed 103116K, reserved 1138688K
  class space    used 13170K, capacity 14269K, committed 14284K, reserved 1048576K
GC Heap History (20 events):
Event: 11.328 GC heap after
{Heap after GC invocations=25 (full 0):
 garbage-first heap   total 227328K, used 125949K [0x0000000080000000, 0x0000000100000000)
  region size 1024K, 9 young (9216K), 9 survivors (9216K)
 Metaspace       used 93011K, capacity 95482K, committed 95564K, reserved 1132544K
  class space    used 12164K, capacity 13120K, committed 13132K, reserved 1048576K
}
Event: 11.685 GC heap before
{Heap before GC invocations=25 (full 0):
 garbage-first heap   total 227328K, used 178173K [0x0000000080000000, 0x0000000100000000)
  region size 1024K, 61 young (62464K), 9 survivors (9216K)
 Metaspace       used 93434K, capacity 95668K, committed 96204K, reserved 1132544K
  class space    used 12171K, capacity 13044K, committed 13260K, reserved 1048576K
}
Event: 11.724 GC heap after
{Heap after GC invocations=26 (full 0):
 garbage-first heap   total 227328K, used 136928K [0x0000000080000000, 0x0000000100000000)
  region size 1024K, 8 young (8192K), 8 survivors (8192K)
 Metaspace       used 93434K, capacity 95668K, committed 96204K, reserved 1132544K
  class space    used 12171K, capacity 13044K, committed 13260K, reserved 1048576K
}
Event: 11.866 GC heap before
{Heap before GC invocations=27 (full 0):
 garbage-first heap   total 227328K, used 183008K [0x0000000080000000, 0x0000000100000000)
  region size 1024K, 53 young (54272K), 8 survivors (8192K)
 Metaspace       used 94100K, capacity 96427K, committed 96716K, reserved 1132544K
  class space    used 12269K, capacity 13188K, committed 13260K, reserved 1048576K
}
Event: 11.897 GC heap after
{Heap after GC invocations=28 (full 0):
 garbage-first heap   total 348160K, used 146203K [0x0000000080000000, 0x0000000100000000)
  region size 1024K, 7 young (7168K), 7 survivors (7168K)
 Metaspace       used 94100K, capacity 96427K, committed 96716K, reserved 1132544K
  class space    used 12269K, capacity 13188K, committed 13260K, reserved 1048576K
}
Event: 12.710 GC heap before
{Heap before GC invocations=28 (full 0):
 garbage-first heap   total 348160K, used 232219K [0x0000000080000000, 0x0000000100000000)
  region size 1024K, 92 young (94208K), 7 survivors (7168K)
 Metaspace       used 98441K, capacity 101189K, committed 101324K, reserved 1136640K
  class space    used 13075K, capacity 14168K, committed 14284K, reserved 1048576K
}
Event: 12.734 GC heap after
{Heap after GC invocations=29 (full 0):
 garbage-first heap   total 348160K, used 154681K [0x0000000080000000, 0x0000000100000000)
  region size 1024K, 8 young (8192K), 8 survivors (8192K)
 Metaspace       used 98441K, capacity 101189K, committed 101324K, reserved 1136640K
  class space    used 13075K, capacity 14168K, committed 14284K, reserved 1048576K
}
Event: 13.268 GC heap before
{Heap before GC invocations=29 (full 0):
 garbage-first heap   total 348160K, used 242745K [0x0000000080000000, 0x0000000100000000)
  region size 1024K, 95 young (97280K), 8 survivors (8192K)
 Metaspace       used 99015K, capacity 101750K, committed 101836K, reserved 1136640K
  class space    used 13127K, capacity 14203K, committed 14284K, reserved 1048576K
}
Event: 13.281 GC heap after
{Heap after GC invocations=30 (full 0):
 garbage-first heap   total 348160K, used 155838K [0x0000000080000000, 0x0000000100000000)
  region size 1024K, 2 young (2048K), 2 survivors (2048K)
 Metaspace       used 99015K, capacity 101750K, committed 101836K, reserved 1136640K
  class space    used 13127K, capacity 14203K, committed 14284K, reserved 1048576K
}
Event: 13.525 GC heap before
{Heap before GC invocations=30 (full 0):
 garbage-first heap   total 348160K, used 249022K [0x0000000080000000, 0x0000000100000000)
  region size 1024K, 94 young (96256K), 2 survivors (2048K)
 Metaspace       used 99208K, capacity 101960K, committed 102092K, reserved 1136640K
  class space    used 13142K, capacity 14226K, committed 14284K, reserved 1048576K
}
Event: 13.528 GC heap after
{Heap after GC invocations=31 (full 0):
 garbage-first heap   total 348160K, used 156862K [0x0000000080000000, 0x0000000100000000)
  region size 1024K, 3 young (3072K), 3 survivors (3072K)
 Metaspace       used 99208K, capacity 101960K, committed 102092K, reserved 1136640K
  class space    used 13142K, capacity 14226K, committed 14284K, reserved 1048576K
}
Event: 13.758 GC heap before
{Heap before GC invocations=31 (full 0):
 garbage-first heap   total 348160K, used 255166K [0x0000000080000000, 0x0000000100000000)
  region size 1024K, 99 young (101376K), 3 survivors (3072K)
 Metaspace       used 99292K, capacity 102025K, committed 102092K, reserved 1136640K
  class space    used 13148K, capacity 14226K, committed 14284K, reserved 1048576K
}
Event: 13.763 GC heap after
{Heap after GC invocations=32 (full 0):
 garbage-first heap   total 348160K, used 157408K [0x0000000080000000, 0x0000000100000000)
  region size 1024K, 4 young (4096K), 4 survivors (4096K)
 Metaspace       used 99292K, capacity 102025K, committed 102092K, reserved 1136640K
  class space    used 13148K, capacity 14226K, committed 14284K, reserved 1048576K
}
Event: 14.010 GC heap before
{Heap before GC invocations=32 (full 0):
 garbage-first heap   total 348160K, used 261856K [0x0000000080000000, 0x0000000100000000)
  region size 1024K, 106 young (108544K), 4 survivors (4096K)
 Metaspace       used 99435K, capacity 102185K, committed 102348K, reserved 1136640K
  class space    used 13163K, capacity 14258K, committed 14284K, reserved 1048576K
}
Event: 14.016 GC heap after
{Heap after GC invocations=33 (full 0):
 garbage-first heap   total 348160K, used 158855K [0x0000000080000000, 0x0000000100000000)
  region size 1024K, 5 young (5120K), 5 survivors (5120K)
 Metaspace       used 99435K, capacity 102185K, committed 102348K, reserved 1136640K
  class space    used 13163K, capacity 14258K, committed 14284K, reserved 1048576K
}
Event: 14.268 GC heap before
{Heap before GC invocations=33 (full 0):
 garbage-first heap   total 348160K, used 275591K [0x0000000080000000, 0x0000000100000000)
  region size 1024K, 120 young (122880K), 5 survivors (5120K)
 Metaspace       used 99554K, capacity 102318K, committed 102348K, reserved 1136640K
  class space    used 13163K, capacity 14259K, committed 14284K, reserved 1048576K
}
Event: 14.276 GC heap after
{Heap after GC invocations=34 (full 0):
 garbage-first heap   total 348160K, used 159781K [0x0000000080000000, 0x0000000100000000)
  region size 1024K, 6 young (6144K), 6 survivors (6144K)
 Metaspace       used 99554K, capacity 102318K, committed 102348K, reserved 1136640K
  class space    used 13163K, capacity 14259K, committed 14284K, reserved 1048576K
}
Event: 14.646 GC heap before
{Heap before GC invocations=34 (full 0):
 garbage-first heap   total 348160K, used 279589K [0x0000000080000000, 0x0000000100000000)
  region size 1024K, 123 young (125952K), 6 survivors (6144K)
 Metaspace       used 100003K, capacity 102737K, committed 102860K, reserved 1138688K
  class space    used 13167K, capacity 14265K, committed 14284K, reserved 1048576K
}
Event: 14.656 GC heap after
{Heap after GC invocations=35 (full 0):
 garbage-first heap   total 348160K, used 160884K [0x0000000080000000, 0x0000000100000000)
  region size 1024K, 7 young (7168K), 7 survivors (7168K)
 Metaspace       used 100003K, capacity 102737K, committed 102860K, reserved 1138688K
  class space    used 13167K, capacity 14265K, committed 14284K, reserved 1048576K
}
Event: 14.941 GC heap before
{Heap before GC invocations=35 (full 0):
 garbage-first heap   total 348160K, used 283764K [0x0000000080000000, 0x0000000100000000)
  region size 1024K, 128 young (131072K), 7 survivors (7168K)
 Metaspace       used 100183K, capacity 102956K, committed 103116K, reserved 1138688K
  class space    used 13170K, capacity 14269K, committed 14284K, reserved 1048576K
}

